<?xml version="1.0" encoding="UTF-8"?>
<testng-results skipped="0" failed="1" total="1" passed="0">
  <reporter-output>
  </reporter-output>
  <suite name="pathology" duration-ms="50894" started-at="2014-02-05T18:55:30Z" finished-at="2014-02-05T18:56:21Z">
    <groups>
    </groups>
    <test name="EndToEnd" duration-ms="50894" started-at="2014-02-05T18:55:30Z" finished-at="2014-02-05T18:56:21Z">
      <class name="test.FacilityCreationTest">
        <test-method status="PASS" signature="InitializeDriver(java.lang.String)[pri:0, instance:test.FacilityCreationTest@1ad8690]" name="InitializeDriver" is-config="true" duration-ms="11033" started-at="2014-02-05T13:55:30Z" finished-at="2014-02-05T13:55:41Z">
          <params>
            <param index="0">
              <value>
                <![CDATA[chrome]]>
              </value>
            </param>
          </params>
          <reporter-output>
          </reporter-output>
        </test-method> <!-- InitializeDriver -->
        <test-method status="PASS" signature="SetUp()[pri:0, instance:test.FacilityCreationTest@1ad8690]" name="SetUp" is-config="true" duration-ms="7930" started-at="2014-02-05T13:55:41Z" finished-at="2014-02-05T13:55:49Z">
          <reporter-output>
          </reporter-output>
        </test-method> <!-- SetUp -->
        <test-method status="FAIL" signature="shouldAbleToCreateFacility()[pri:0, instance:test.FacilityCreationTest@1ad8690]" name="shouldAbleToCreateFacility" duration-ms="30460" started-at="2014-02-05T13:55:49Z" finished-at="2014-02-05T13:56:19Z">
          <exception class="org.openqa.selenium.TimeoutException">
            <message>
              <![CDATA[Timed out after 20 seconds waiting for visibility of [[ChromeDriver: chrome on XP (c0786fa4d533616a9c989022be3aec9a)] -> css selector: #messageID]
Build info: version: '2.37.0', revision: 'a7c61cb', time: '2013-10-18 17:14:00'
System info: host: 'TEKY-pc', ip: '192.168.1.108', os.name: 'Windows 7', os.arch: 'x86', os.version: '6.1', java.version: '1.7.0_51'
Driver info: driver.version: unknown]]>
            </message>
            <full-stacktrace>
              <![CDATA[org.openqa.selenium.TimeoutException: Timed out after 20 seconds waiting for visibility of [[ChromeDriver: chrome on XP (c0786fa4d533616a9c989022be3aec9a)] -> css selector: #messageID]
Build info: version: '2.37.0', revision: 'a7c61cb', time: '2013-10-18 17:14:00'
System info: host: 'TEKY-pc', ip: '192.168.1.108', os.name: 'Windows 7', os.arch: 'x86', os.version: '6.1', java.version: '1.7.0_51'
Driver info: driver.version: unknown
	at org.openqa.selenium.support.ui.FluentWait.timeoutException(FluentWait.java:259)
	at org.openqa.selenium.support.ui.FluentWait.until(FluentWait.java:228)
	at common.BasePage.WaitForElement(BasePage.java:33)
	at page.FacitlityManagementPage.New(FacitlityManagementPage.java:79)
	at test.FacilityCreationTest.shouldAbleToCreateFacility(FacilityCreationTest.java:16)
	at sun.reflect.NativeMethodAccessorImpl.invoke0(Native Method)
	at sun.reflect.NativeMethodAccessorImpl.invoke(Unknown Source)
	at sun.reflect.DelegatingMethodAccessorImpl.invoke(Unknown Source)
	at java.lang.reflect.Method.invoke(Unknown Source)
	at org.testng.internal.MethodInvocationHelper.invokeMethod(MethodInvocationHelper.java:84)
	at org.testng.internal.Invoker.invokeMethod(Invoker.java:714)
	at org.testng.internal.Invoker.invokeTestMethod(Invoker.java:901)
	at org.testng.internal.Invoker.invokeTestMethods(Invoker.java:1231)
	at org.testng.internal.TestMethodWorker.invokeTestMethods(TestMethodWorker.java:127)
	at org.testng.internal.TestMethodWorker.run(TestMethodWorker.java:111)
	at org.testng.TestRunner.privateRun(TestRunner.java:767)
	at org.testng.TestRunner.run(TestRunner.java:617)
	at org.testng.SuiteRunner.runTest(SuiteRunner.java:334)
	at org.testng.SuiteRunner.runSequentially(SuiteRunner.java:329)
	at org.testng.SuiteRunner.privateRun(SuiteRunner.java:291)
	at org.testng.SuiteRunner.run(SuiteRunner.java:240)
	at org.testng.SuiteRunnerWorker.runSuite(SuiteRunnerWorker.java:52)
	at org.testng.SuiteRunnerWorker.run(SuiteRunnerWorker.java:86)
	at org.testng.TestNG.runSuitesSequentially(TestNG.java:1224)
	at org.testng.TestNG.runSuitesLocally(TestNG.java:1149)
	at org.testng.TestNG.run(TestNG.java:1057)
	at org.testng.remote.RemoteTestNG.run(RemoteTestNG.java:111)
	at org.testng.remote.RemoteTestNG.initAndRun(RemoteTestNG.java:204)
	at org.testng.remote.RemoteTestNG.main(RemoteTestNG.java:175)
]]>
            </full-stacktrace>
          </exception> <!-- org.openqa.selenium.TimeoutException -->
          <reporter-output>
          </reporter-output>
        </test-method> <!-- shouldAbleToCreateFacility -->
        <test-method status="PASS" signature="QuitDriver()[pri:0, instance:test.FacilityCreationTest@1ad8690]" name="QuitDriver" is-config="true" duration-ms="1447" started-at="2014-02-05T13:56:19Z" finished-at="2014-02-05T13:56:21Z">
          <reporter-output>
          </reporter-output>
        </test-method> <!-- QuitDriver -->
      </class> <!-- test.FacilityCreationTest -->
    </test> <!-- EndToEnd -->
  </suite> <!-- pathology -->
</testng-results>
